SF:lib/mock/consumption_mock_data.dart
DA:17,4
DA:32,1
DA:33,1
DA:36,1
DA:37,1
DA:38,1
DA:39,1
DA:40,1
DA:42,1
DA:43,1
DA:44,1
DA:45,1
DA:46,1
DA:47,1
DA:48,1
DA:49,1
DA:50,1
DA:53,1
DA:54,1
DA:55,1
DA:56,1
DA:57,1
DA:59,1
DA:60,1
DA:61,1
DA:62,1
DA:63,1
DA:64,1
DA:65,1
DA:66,1
LF:30
LH:30
end_of_record
SF:lib/feature/facility_search/controllers/search_controller.dart
DA:19,1
DA:24,1
DA:26,1
DA:29,1
DA:30,2
DA:31,2
DA:32,1
DA:35,1
DA:37,1
DA:38,1
DA:40,2
DA:42,1
DA:43,1
DA:47,1
DA:49,2
DA:50,1
DA:53,1
DA:58,1
DA:60,2
DA:61,1
LF:20
LH:20
end_of_record
SF:lib/feature/facility_search/pages/facility_search.dart
DA:10,1
DA:12,1
DA:13,1
DA:19,1
DA:21,1
DA:22,3
DA:23,3
DA:24,2
DA:30,1
DA:32,2
DA:33,1
DA:36,1
DA:38,1
DA:39,1
DA:41,1
DA:42,1
DA:44,1
DA:45,1
DA:48,1
DA:54,1
DA:55,1
DA:56,1
DA:59,1
DA:61,2
DA:63,2
DA:64,2
DA:65,1
DA:76,1
DA:77,1
DA:78,1
DA:83,1
DA:84,1
DA:85,1
DA:96,1
DA:97,2
DA:99,3
DA:101,2
DA:103,1
DA:105,2
DA:109,2
DA:113,1
DA:117,1
DA:118,2
DA:122,2
LF:44
LH:44
end_of_record
SF:lib/feature/facility_search/services/facility_service.dart
DA:5,1
DA:6,1
DA:7,1
DA:8,1
DA:11,4
LF:5
LH:5
end_of_record
SF:lib/mock/consumption_detail_mock_data.dart
DA:3,3
DA:4,3
DA:5,3
DA:19,3
DA:33,3
DA:47,3
DA:61,3
LF:7
LH:7
end_of_record
SF:lib/feature/consumption/services/consumption_service.dart
DA:8,1
DA:10,1
DA:12,1
DA:14,1
DA:17,4
LF:5
LH:5
end_of_record
SF:lib/feature/consumption/models/consumption_args.dart
DA:7,1
LF:1
LH:1
end_of_record
SF:lib/feature/facility_search/widgets/error_dialog.dart
DA:4,1
DA:5,1
DA:11,1
DA:12,1
DA:13,1
DA:14,1
DA:17,1
DA:19,1
DA:21,1
DA:35,1
DA:38,1
DA:40,2
LF:12
LH:12
end_of_record
