SF:lib/mock/consumption_mock_data.dart
DA:17,6
DA:32,3
DA:33,3
DA:36,2
DA:37,2
DA:38,2
DA:39,2
DA:40,2
DA:42,2
DA:43,2
DA:44,2
DA:45,2
DA:46,2
DA:47,2
DA:48,2
DA:49,2
DA:50,2
DA:53,2
DA:54,2
DA:55,2
DA:56,2
DA:57,2
DA:59,2
DA:60,2
DA:61,2
DA:62,2
DA:63,2
DA:64,2
DA:65,2
DA:66,2
LF:30
LH:30
end_of_record
SF:lib/feature/consumption/controllers/consumption_controller.dart
DA:13,2
DA:25,4
DA:26,4
DA:27,4
DA:30,2
DA:32,2
DA:35,2
DA:39,6
DA:42,2
DA:45,2
DA:49,2
DA:51,2
DA:53,2
DA:55,2
DA:59,6
DA:63,2
DA:67,2
DA:71,2
DA:72,2
DA:73,2
DA:74,2
DA:76,2
DA:79,2
DA:80,2
DA:81,2
LF:25
LH:25
end_of_record
SF:lib/feature/consumption/services/consumption_service.dart
DA:8,1
DA:10,1
DA:12,1
DA:14,1
DA:17,4
LF:5
LH:5
end_of_record
SF:lib/mock/consumption_detail_mock_data.dart
DA:3,4
DA:4,4
DA:5,4
DA:19,4
DA:33,4
DA:47,4
DA:61,4
LF:7
LH:7
end_of_record
SF:lib/feature/history/controllers/history_controller.dart
DA:11,1
DA:12,1
DA:42,2
DA:45,2
DA:48,2
DA:54,2
DA:55,2
DA:57,1
DA:58,1
DA:62,1
DA:63,1
DA:64,1
DA:69,4
DA:72,1
DA:73,3
DA:77,1
DA:78,1
DA:79,1
DA:83,1
DA:85,1
DA:87,1
DA:91,1
DA:93,1
DA:94,3
DA:95,2
DA:96,2
DA:97,2
DA:102,1
DA:103,1
DA:104,3
DA:105,2
DA:106,2
DA:112,1
DA:113,3
DA:114,2
DA:115,1
DA:116,1
DA:121,1
DA:123,1
DA:126,1
DA:132,1
DA:133,1
DA:134,2
DA:135,1
DA:136,1
DA:143,1
DA:144,1
DA:145,1
DA:146,1
DA:151,0
DA:152,0
DA:153,0
DA:156,1
DA:157,2
DA:158,1
DA:161,1
DA:162,1
DA:163,1
DA:167,1
DA:172,3
DA:176,1
DA:184,2
DA:185,0
DA:195,7
DA:196,2
DA:199,1
DA:202,2
DA:205,1
DA:210,1
DA:211,2
DA:212,1
DA:213,1
DA:214,1
DA:219,1
DA:220,2
DA:221,1
DA:222,1
DA:223,1
DA:228,1
DA:229,1
DA:230,1
DA:234,1
DA:235,2
DA:238,2
DA:239,1
DA:241,1
DA:242,1
DA:243,1
DA:244,3
DA:252,1
DA:259,1
DA:261,1
DA:262,1
DA:264,1
DA:267,1
DA:270,1
DA:271,2
LF:97
LH:93
end_of_record
SF:lib/feature/history/services/history_service.dart
DA:5,2
DA:12,4
DA:14,2
DA:19,2
DA:24,2
DA:27,2
DA:35,2
LF:7
LH:7
end_of_record
SF:lib/mock/history_mock_data.dart
DA:12,2
DA:22,2
DA:23,2
DA:24,2
DA:26,4
DA:27,4
DA:28,2
DA:29,2
DA:30,2
DA:31,2
DA:32,2
DA:33,2
DA:38,2
DA:39,2
DA:40,6
DA:42,4
DA:43,2
DA:44,4
DA:45,2
DA:46,2
DA:47,2
DA:48,2
DA:49,2
DA:50,2
DA:55,2
DA:60,2
DA:62,8
DA:63,2
DA:64,4
DA:65,2
DA:66,2
DA:67,2
DA:68,2
DA:69,2
DA:70,2
LF:35
LH:35
end_of_record
SF:lib/feature/facility_search/pages/facility_search.dart
DA:10,2
DA:12,2
DA:13,2
DA:19,2
DA:21,2
DA:22,7
DA:23,5
DA:24,2
DA:30,2
DA:32,4
DA:33,2
DA:36,2
DA:38,2
DA:39,2
DA:41,2
DA:42,2
DA:44,2
DA:45,2
DA:48,2
DA:54,2
DA:55,2
DA:56,2
DA:59,2
DA:61,4
DA:63,4
DA:64,4
DA:65,2
DA:76,2
DA:77,2
DA:78,2
DA:83,2
DA:84,2
DA:85,2
DA:96,2
DA:97,4
DA:99,3
DA:101,4
DA:103,2
DA:105,4
DA:109,4
DA:113,2
DA:117,2
DA:118,4
DA:122,4
LF:44
LH:44
end_of_record
SF:lib/feature/history/pages/fake_history_page.dart
DA:10,1
DA:12,1
DA:14,1
DA:15,1
DA:16,3
LF:5
LH:5
end_of_record
SF:lib/feature/consumption/pages/consumption_page.dart
DA:15,1
DA:17,1
DA:18,1
DA:27,1
DA:29,1
DA:31,5
DA:34,1
DA:37,3
DA:39,6
DA:40,3
DA:41,3
DA:43,1
DA:71,1
DA:73,1
DA:75,1
DA:77,2
DA:79,2
DA:80,3
DA:81,3
DA:84,3
DA:85,3
DA:89,1
DA:92,1
DA:94,5
DA:97,2
DA:98,2
DA:103,1
DA:105,1
DA:106,1
DA:107,1
DA:108,1
DA:118,1
DA:121,1
DA:125,1
DA:126,1
DA:127,3
DA:132,1
DA:133,1
DA:135,1
DA:136,1
DA:137,1
DA:139,1
DA:142,1
DA:143,4
DA:160,1
DA:164,1
DA:166,1
DA:167,1
DA:169,1
DA:170,1
DA:180,1
DA:181,1
DA:182,2
DA:194,2
DA:197,1
DA:199,1
DA:201,2
DA:209,1
DA:210,1
DA:211,1
DA:212,1
DA:215,1
DA:222,1
DA:223,1
DA:226,1
DA:227,1
DA:228,2
DA:241,1
DA:244,1
DA:246,1
DA:251,1
DA:254,1
DA:256,1
DA:261,1
DA:264,1
DA:266,1
DA:271,1
DA:272,1
DA:273,1
DA:274,1
DA:275,1
DA:279,1
DA:280,1
DA:283,1
DA:284,1
DA:295,1
DA:296,1
DA:297,1
DA:301,1
DA:302,1
DA:305,1
DA:306,1
DA:309,2
DA:329,1
DA:336,1
DA:337,1
DA:338,1
DA:339,1
DA:341,1
DA:345,1
DA:346,1
DA:348,1
LF:102
LH:102
end_of_record
SF:lib/feature/consumption/widgets/info_box.dart
DA:10,1
DA:12,1
DA:14,1
DA:15,1
DA:17,1
DA:20,1
DA:21,1
DA:23,1
DA:24,1
DA:33,1
DA:36,1
DA:37,1
DA:39,1
DA:40,1
LF:14
LH:14
end_of_record
SF:lib/feature/consumption/widgets/label_row.dart
DA:8,1
DA:15,1
DA:17,1
DA:19,1
DA:20,1
DA:21,1
DA:22,1
DA:31,1
DA:32,1
DA:33,1
DA:34,1
DA:35,1
LF:12
LH:12
end_of_record
SF:lib/feature/facility_search/services/facility_service.dart
DA:5,1
DA:6,1
DA:7,1
DA:8,1
DA:11,4
LF:5
LH:5
end_of_record
SF:lib/feature/consumption/models/consumption_args.dart
DA:7,1
LF:1
LH:1
end_of_record
SF:lib/feature/facility_search/controllers/search_controller.dart
DA:19,2
DA:24,2
DA:26,2
DA:29,1
DA:30,2
DA:31,2
DA:32,1
DA:35,1
DA:37,1
DA:38,1
DA:40,2
DA:42,1
DA:43,1
DA:47,1
DA:49,2
DA:50,1
DA:53,1
DA:58,2
DA:60,4
DA:61,2
LF:20
LH:20
end_of_record
SF:lib/feature/facility_search/widgets/error_dialog.dart
DA:4,1
DA:5,1
DA:11,1
DA:12,1
DA:13,1
DA:14,1
DA:17,1
DA:19,1
DA:21,1
DA:35,1
DA:38,1
DA:40,2
LF:12
LH:12
end_of_record
