SF:lib/mock/consumption_mock_data.dart
DA:17,6
DA:32,3
DA:33,3
DA:36,2
DA:37,2
DA:38,2
DA:39,2
DA:40,2
DA:42,2
DA:43,2
DA:44,2
DA:45,2
DA:46,2
DA:47,2
DA:48,2
DA:49,2
DA:50,2
DA:53,2
DA:54,2
DA:55,2
DA:56,2
DA:57,2
DA:59,2
DA:60,2
DA:61,2
DA:62,2
DA:63,2
DA:64,2
DA:65,2
DA:66,2
LF:30
LH:30
end_of_record
SF:lib/feature/consumption/controllers/consumption_controller.dart
DA:13,2
DA:25,4
DA:26,4
DA:27,4
DA:30,2
DA:32,2
DA:35,2
DA:39,6
DA:42,2
DA:45,2
DA:49,2
DA:51,2
DA:53,2
DA:55,2
DA:59,6
DA:63,2
DA:67,2
DA:71,2
DA:72,2
DA:73,2
DA:74,2
DA:76,2
DA:79,2
DA:80,2
DA:81,2
LF:25
LH:25
end_of_record
SF:lib/feature/consumption/services/consumption_service.dart
DA:8,1
DA:10,1
DA:12,1
DA:14,1
DA:17,4
LF:5
LH:5
end_of_record
SF:lib/mock/consumption_detail_mock_data.dart
DA:3,4
DA:4,4
DA:5,4
DA:19,4
DA:33,4
DA:47,4
DA:61,4
LF:7
LH:7
end_of_record
SF:lib/feature/history/widgets/date_selection.dart
DA:11,2
DA:12,2
DA:14,2
DA:15,2
DA:16,2
DA:17,1
DA:19,1
LF:7
LH:7
end_of_record
SF:lib/mock/history_mock_data.dart
DA:12,9
DA:22,7
DA:23,7
DA:24,7
DA:26,14
DA:27,14
DA:28,7
DA:29,7
DA:30,7
DA:31,7
DA:32,7
DA:33,7
DA:38,6
DA:39,6
DA:40,18
DA:42,12
DA:43,6
DA:44,12
DA:45,6
DA:46,6
DA:47,6
DA:48,6
DA:49,6
DA:50,6
DA:55,4
DA:60,4
DA:62,16
DA:63,4
DA:64,8
DA:65,4
DA:66,4
DA:67,4
DA:68,4
DA:69,4
DA:70,4
LF:35
LH:35
end_of_record
SF:lib/feature/history/controllers/history_controller.dart
DA:11,13
DA:12,13
DA:42,14
DA:45,12
DA:48,2
DA:54,6
DA:55,14
DA:57,1
DA:58,1
DA:62,7
DA:63,7
DA:64,7
DA:69,4
DA:72,1
DA:73,3
DA:77,3
DA:78,3
DA:79,3
DA:83,7
DA:85,7
DA:87,7
DA:91,7
DA:93,7
DA:94,15
DA:95,10
DA:96,10
DA:97,10
DA:102,4
DA:103,4
DA:104,12
DA:105,8
DA:106,8
DA:112,2
DA:113,6
DA:114,4
DA:115,2
DA:116,2
DA:121,1
DA:123,7
DA:126,7
DA:132,4
DA:133,4
DA:134,8
DA:135,4
DA:136,4
DA:143,2
DA:144,2
DA:145,2
DA:146,2
DA:151,1
DA:152,1
DA:153,1
DA:156,3
DA:157,6
DA:158,3
DA:161,4
DA:162,4
DA:163,4
DA:167,4
DA:172,12
DA:176,4
DA:184,8
DA:185,4
DA:195,28
DA:196,6
DA:199,4
DA:202,2
DA:205,4
DA:210,4
DA:211,8
DA:212,2
DA:213,2
DA:214,2
DA:219,1
DA:220,2
DA:221,1
DA:222,1
DA:223,1
DA:228,1
DA:229,1
DA:230,1
DA:234,3
DA:235,6
DA:238,4
DA:239,2
DA:241,2
DA:242,2
DA:243,2
DA:244,6
DA:252,2
DA:259,2
DA:261,2
DA:262,1
DA:264,1
DA:267,1
DA:270,2
DA:271,4
LF:97
LH:97
end_of_record
SF:lib/feature/history/widgets/day_picker.dart
DA:8,3
DA:9,3
DA:10,3
DA:12,3
DA:13,3
DA:14,3
DA:16,3
DA:26,3
DA:27,3
DA:28,3
DA:29,3
DA:31,3
DA:32,3
DA:33,3
DA:35,3
DA:36,3
DA:37,3
DA:38,3
DA:41,3
DA:43,1
DA:44,1
DA:47,3
DA:48,3
DA:49,3
DA:50,6
DA:63,3
DA:64,3
DA:66,2
DA:67,3
DA:69,6
DA:72,6
DA:76,3
DA:79,3
DA:80,6
LF:34
LH:34
end_of_record
SF:lib/feature/history/widgets/month_picker.dart
DA:9,3
DA:11,2
DA:13,2
DA:14,2
DA:16,2
DA:18,2
DA:20,2
DA:30,2
DA:31,2
DA:32,2
DA:34,2
DA:35,4
DA:36,2
DA:38,2
DA:39,2
DA:40,2
DA:41,2
DA:44,2
DA:46,1
DA:47,1
DA:53,2
DA:54,2
DA:55,4
DA:69,2
DA:70,2
DA:72,2
DA:73,2
DA:75,4
DA:78,4
DA:82,2
DA:85,2
DA:86,4
LF:32
LH:32
end_of_record
SF:lib/feature/history/widgets/year_picker.dart
DA:8,3
DA:10,2
DA:12,2
DA:13,2
DA:15,2
DA:17,2
DA:18,2
DA:19,2
DA:20,2
DA:21,2
DA:22,2
DA:24,2
DA:30,2
DA:32,2
DA:33,2
DA:34,2
DA:35,2
DA:37,2
DA:38,2
DA:39,2
DA:40,2
DA:41,1
DA:42,1
DA:46,2
DA:47,2
DA:48,6
DA:51,2
DA:52,2
DA:54,2
DA:55,2
DA:56,2
DA:57,2
DA:59,2
DA:61,2
DA:63,2
DA:74,8
DA:75,2
DA:76,2
DA:77,2
DA:78,2
DA:79,2
DA:81,2
DA:87,2
DA:89,2
DA:90,2
DA:91,2
DA:92,2
DA:94,2
DA:95,2
DA:96,2
DA:97,2
DA:98,1
DA:99,1
DA:103,2
DA:104,2
DA:105,2
DA:106,4
DA:107,2
DA:110,2
DA:111,2
DA:113,2
DA:114,2
DA:115,2
DA:116,2
DA:118,2
DA:120,2
DA:122,2
DA:133,2
DA:134,2
DA:135,2
DA:136,2
DA:137,2
DA:139,2
DA:140,2
DA:142,4
DA:145,4
DA:149,2
DA:152,2
DA:153,4
DA:156,4
LF:80
LH:80
end_of_record
SF:lib/feature/history/services/history_service.dart
DA:5,6
DA:12,12
DA:14,6
DA:19,5
DA:24,5
DA:27,3
DA:35,3
LF:7
LH:7
end_of_record
SF:lib/feature/history/widgets/custom_month_box.dart
DA:5,2
DA:6,2
DA:7,2
DA:9,2
DA:11,4
DA:13,2
DA:16,2
DA:17,2
DA:18,2
DA:20,2
DA:22,2
DA:23,2
DA:25,2
DA:27,2
DA:29,2
DA:30,2
DA:31,2
DA:44,2
DA:47,2
DA:55,2
DA:57,2
DA:58,2
DA:62,1
DA:63,1
DA:64,2
DA:65,1
DA:70,2
DA:71,2
DA:78,2
DA:82,1
DA:83,2
DA:84,2
DA:85,1
DA:96,2
DA:106,2
DA:107,2
DA:110,4
DA:111,8
DA:114,4
DA:115,4
DA:117,2
DA:120,1
DA:121,2
DA:122,1
DA:125,2
DA:127,2
DA:129,2
DA:132,2
DA:133,2
DA:135,2
DA:136,2
DA:137,2
DA:153,2
DA:156,2
DA:157,2
DA:160,2
DA:161,2
DA:164,1
DA:165,1
DA:166,1
LF:60
LH:60
end_of_record
SF:lib/feature/history/widgets/end_year_box.dart
DA:6,1
DA:7,1
DA:8,4
DA:9,1
DA:14,2
DA:15,2
DA:17,2
DA:18,2
DA:19,2
DA:21,2
DA:23,2
DA:26,2
DA:27,2
DA:28,2
DA:29,4
DA:30,2
DA:32,2
DA:33,2
DA:35,2
DA:37,2
DA:39,2
DA:40,2
DA:41,2
DA:42,2
DA:43,2
DA:45,2
DA:46,2
DA:47,2
DA:48,2
DA:49,2
DA:50,1
DA:51,1
DA:52,2
DA:53,1
DA:54,1
DA:58,2
DA:72,2
DA:73,2
DA:77,2
DA:78,2
DA:88,4
DA:89,4
DA:90,4
DA:91,2
DA:94,2
DA:95,2
DA:96,2
DA:104,2
DA:105,4
DA:106,4
DA:108,4
DA:109,4
DA:110,1
DA:130,2
DA:131,2
DA:132,2
DA:133,2
DA:134,2
DA:137,2
DA:138,2
DA:146,4
DA:147,2
DA:149,4
DA:150,8
DA:152,2
DA:155,2
DA:156,2
DA:157,2
DA:165,1
DA:167,2
DA:168,2
DA:169,2
DA:185,2
DA:186,1
DA:187,2
DA:188,2
DA:189,1
DA:190,1
DA:194,2
DA:195,2
DA:217,2
DA:219,2
DA:221,2
DA:222,2
DA:225,2
DA:226,2
DA:227,2
DA:229,2
DA:230,2
DA:234,1
DA:235,1
DA:236,2
DA:239,3
DA:240,1
DA:245,2
DA:248,2
DA:249,2
DA:250,2
DA:252,2
DA:253,2
DA:256,2
DA:257,2
DA:261,2
DA:262,2
LF:104
LH:104
end_of_record
SF:lib/feature/history/widgets/start_year_box.dart
DA:6,1
DA:7,1
DA:8,4
DA:9,1
DA:14,2
DA:15,2
DA:17,2
DA:18,2
DA:19,2
DA:20,2
DA:21,4
DA:23,2
DA:26,2
DA:27,2
DA:28,2
DA:29,4
DA:31,2
DA:33,2
DA:34,2
DA:36,2
DA:39,2
DA:41,2
DA:43,2
DA:44,2
DA:46,2
DA:48,2
DA:50,2
DA:51,2
DA:52,2
DA:54,2
DA:55,1
DA:56,1
DA:57,2
DA:58,1
DA:59,1
DA:63,2
DA:76,2
DA:77,2
DA:81,2
DA:82,2
DA:91,4
DA:92,4
DA:93,4
DA:94,2
DA:97,2
DA:98,2
DA:99,2
DA:107,1
DA:108,2
DA:109,2
DA:111,2
DA:112,2
DA:113,1
DA:129,2
DA:130,2
DA:131,2
DA:132,2
DA:133,2
DA:134,2
DA:138,2
DA:139,2
DA:147,4
DA:148,2
DA:150,4
DA:151,8
DA:152,2
DA:155,2
DA:156,2
DA:157,2
DA:165,1
DA:167,2
DA:168,2
DA:169,2
DA:180,2
DA:181,1
DA:182,2
DA:183,2
DA:184,1
DA:185,1
DA:189,2
DA:190,2
DA:213,2
DA:215,2
DA:217,2
DA:218,2
DA:221,2
DA:222,2
DA:223,2
DA:225,2
DA:226,2
DA:229,1
DA:230,1
DA:231,2
DA:234,3
DA:235,1
DA:240,2
DA:243,2
DA:244,2
DA:245,2
DA:247,2
DA:248,2
DA:251,2
DA:252,2
DA:256,2
DA:257,2
LF:105
LH:105
end_of_record
SF:lib/feature/history/widgets/display_type.dart
DA:8,2
DA:9,2
DA:11,2
DA:13,2
DA:14,2
DA:16,2
DA:19,2
DA:24,2
DA:26,2
DA:27,2
DA:30,2
DA:33,2
LF:12
LH:12
end_of_record
SF:lib/feature/history/widgets/radio_buttom.dart
DA:12,2
DA:14,3
DA:16,3
DA:17,9
DA:19,3
DA:20,2
DA:21,2
DA:22,4
DA:24,3
DA:28,3
DA:29,3
DA:30,3
DA:31,3
DA:36,3
DA:38,3
DA:39,3
DA:42,3
DA:44,3
DA:54,3
DA:55,3
DA:56,3
DA:60,3
DA:63,6
LF:23
LH:23
end_of_record
SF:lib/feature/facility_search/pages/facility_search.dart
DA:10,2
DA:12,2
DA:13,2
DA:19,2
DA:21,2
DA:22,7
DA:23,5
DA:24,2
DA:30,2
DA:32,4
DA:33,2
DA:36,2
DA:38,2
DA:39,2
DA:41,2
DA:42,2
DA:44,2
DA:45,2
DA:48,2
DA:54,2
DA:55,2
DA:56,2
DA:59,2
DA:61,4
DA:63,4
DA:64,4
DA:65,2
DA:76,2
DA:77,2
DA:78,2
DA:83,2
DA:84,2
DA:85,2
DA:96,2
DA:97,4
DA:99,3
DA:101,4
DA:103,2
DA:105,4
DA:109,4
DA:113,2
DA:117,2
DA:118,4
DA:122,4
LF:44
LH:44
end_of_record
SF:lib/feature/history/pages/fake_history_page.dart
DA:10,1
DA:12,1
DA:14,1
DA:15,1
DA:16,3
LF:5
LH:5
end_of_record
SF:lib/feature/consumption/pages/consumption_page.dart
DA:15,1
DA:17,1
DA:18,1
DA:27,1
DA:29,1
DA:31,5
DA:34,1
DA:37,3
DA:39,6
DA:40,3
DA:41,3
DA:43,1
DA:71,1
DA:73,1
DA:75,1
DA:77,2
DA:79,2
DA:80,3
DA:81,3
DA:84,3
DA:85,3
DA:89,1
DA:92,1
DA:94,5
DA:97,2
DA:98,2
DA:103,1
DA:105,1
DA:106,1
DA:107,1
DA:108,1
DA:118,1
DA:121,1
DA:125,1
DA:126,1
DA:127,3
DA:132,1
DA:133,1
DA:135,1
DA:136,1
DA:137,1
DA:139,1
DA:142,1
DA:143,4
DA:160,1
DA:164,1
DA:166,1
DA:167,1
DA:169,1
DA:170,1
DA:180,1
DA:181,1
DA:182,2
DA:194,2
DA:197,1
DA:199,1
DA:201,2
DA:209,1
DA:210,1
DA:211,1
DA:212,1
DA:215,1
DA:222,1
DA:223,1
DA:226,1
DA:227,1
DA:228,2
DA:241,1
DA:244,1
DA:246,1
DA:251,1
DA:254,1
DA:256,1
DA:261,1
DA:264,1
DA:266,1
DA:271,1
DA:272,1
DA:273,1
DA:274,1
DA:275,1
DA:279,1
DA:280,1
DA:283,1
DA:284,1
DA:295,1
DA:296,1
DA:297,1
DA:301,1
DA:302,1
DA:305,1
DA:306,1
DA:309,2
DA:329,1
DA:336,1
DA:337,1
DA:338,1
DA:339,1
DA:341,1
DA:345,1
DA:346,1
DA:348,1
LF:102
LH:102
end_of_record
SF:lib/feature/consumption/models/consumption_args.dart
DA:7,1
LF:1
LH:1
end_of_record
SF:lib/feature/consumption/widgets/info_box.dart
DA:10,1
DA:12,1
DA:14,1
DA:15,1
DA:17,1
DA:20,1
DA:21,1
DA:23,1
DA:24,1
DA:33,1
DA:36,1
DA:37,1
DA:39,1
DA:40,1
LF:14
LH:14
end_of_record
SF:lib/feature/consumption/widgets/label_row.dart
DA:8,1
DA:15,1
DA:17,1
DA:19,1
DA:20,1
DA:21,1
DA:22,1
DA:31,1
DA:32,1
DA:33,1
DA:34,1
DA:35,1
LF:12
LH:12
end_of_record
SF:lib/feature/facility_search/controllers/search_controller.dart
DA:19,2
DA:24,2
DA:26,2
DA:29,1
DA:30,2
DA:31,2
DA:32,1
DA:35,1
DA:37,1
DA:38,1
DA:40,2
DA:42,1
DA:43,1
DA:47,1
DA:49,2
DA:50,1
DA:53,1
DA:58,2
DA:60,4
DA:61,2
LF:20
LH:20
end_of_record
SF:lib/feature/facility_search/services/facility_service.dart
DA:5,1
DA:6,1
DA:7,1
DA:8,1
DA:11,4
LF:5
LH:5
end_of_record
SF:lib/feature/facility_search/widgets/error_dialog.dart
DA:4,1
DA:5,1
DA:11,1
DA:12,1
DA:13,1
DA:14,1
DA:17,1
DA:19,1
DA:21,1
DA:35,1
DA:38,1
DA:40,2
LF:12
LH:12
end_of_record
SF:lib/feature/history/widgets/history_graph.dart
DA:8,2
DA:9,2
DA:10,2
DA:12,2
DA:21,4
DA:25,2
DA:26,2
DA:27,2
DA:29,2
DA:31,2
DA:32,2
DA:35,2
DA:37,2
DA:46,2
DA:60,2
DA:62,2
DA:63,2
DA:64,2
DA:66,2
DA:67,2
DA:71,2
DA:75,1
DA:76,1
DA:78,2
DA:81,2
DA:91,2
DA:92,2
DA:93,2
DA:94,2
DA:98,2
DA:99,2
DA:100,4
DA:126,2
DA:127,2
DA:130,2
DA:133,2
DA:134,6
DA:136,2
DA:138,2
DA:142,2
DA:144,2
DA:148,2
DA:149,2
DA:166,2
DA:170,2
DA:171,2
DA:174,1
DA:175,1
DA:176,1
DA:177,1
DA:178,2
DA:182,3
DA:184,1
DA:188,1
DA:189,1
DA:206,2
DA:210,2
DA:212,2
DA:214,4
DA:217,2
DA:223,2
DA:230,2
DA:232,2
DA:233,2
DA:234,2
DA:235,4
DA:237,2
DA:265,1
DA:267,2
DA:269,2
DA:270,2
DA:271,4
DA:273,8
DA:279,2
DA:280,7
DA:281,2
DA:283,1
DA:286,1
DA:287,1
DA:288,1
DA:290,1
DA:291,1
DA:293,1
DA:294,1
DA:296,1
DA:297,1
DA:299,1
DA:300,1
DA:302,1
DA:303,1
LF:90
LH:90
end_of_record
SF:lib/feature/history/pages/history_page.dart
DA:16,1
DA:18,1
DA:19,1
DA:28,1
DA:30,1
DA:31,4
DA:32,1
DA:35,1
DA:37,2
DA:38,1
DA:39,2
DA:40,1
DA:43,2
DA:44,3
DA:48,2
DA:49,3
DA:58,1
DA:60,1
DA:65,3
DA:68,1
DA:69,1
DA:70,1
DA:71,1
DA:72,1
DA:73,1
DA:74,1
DA:77,1
DA:79,1
DA:81,1
DA:84,1
DA:86,1
DA:87,1
DA:89,1
DA:90,1
DA:95,1
DA:97,2
DA:102,1
DA:104,1
DA:105,1
DA:107,1
DA:109,1
DA:112,1
DA:117,1
DA:119,1
DA:120,1
DA:121,1
DA:122,1
DA:128,1
DA:129,1
DA:132,1
DA:133,1
DA:136,1
DA:139,1
DA:149,2
LF:54
LH:54
end_of_record
SF:lib/feature/history/widgets/calendar_panel.dart
DA:7,2
DA:9,2
DA:12,2
DA:14,2
DA:15,4
DA:16,4
DA:19,10
DA:21,2
DA:25,2
DA:27,2
DA:28,2
DA:29,2
DA:30,2
DA:38,2
DA:39,2
DA:40,2
DA:42,2
DA:43,2
DA:45,2
DA:47,2
DA:48,2
DA:68,2
DA:69,1
DA:70,1
DA:80,2
DA:82,4
DA:85,2
DA:88,2
DA:91,2
DA:92,4
DA:95,1
DA:96,1
DA:100,1
DA:101,1
DA:111,2
DA:126,2
DA:129,2
DA:141,2
DA:155,2
DA:157,2
DA:158,2
DA:160,1
DA:170,2
DA:173,2
DA:174,1
DA:175,1
DA:177,2
DA:180,2
DA:181,2
LF:49
LH:49
end_of_record
